[2023-10-03T10:03:34.708+0000] {taskinstance.py:1125} INFO - Dependencies all met for dep_context=non-requeueable deps ti=<TaskInstance: capstone_project.preprocess_data scheduled__2023-09-24T00:00:00+00:00 [queued]>
[2023-10-03T10:03:34.900+0000] {taskinstance.py:1125} INFO - Dependencies all met for dep_context=requeueable deps ti=<TaskInstance: capstone_project.preprocess_data scheduled__2023-09-24T00:00:00+00:00 [queued]>
[2023-10-03T10:03:34.910+0000] {taskinstance.py:1331} INFO - Starting attempt 1 of 1
[2023-10-03T10:03:35.092+0000] {taskinstance.py:1350} INFO - Executing <Task(PythonOperator): preprocess_data> on 2023-09-24 00:00:00+00:00
[2023-10-03T10:03:35.153+0000] {standard_task_runner.py:57} INFO - Started process 1656 to run task
[2023-10-03T10:03:35.209+0000] {standard_task_runner.py:84} INFO - Running: ['***', 'tasks', 'run', 'capstone_project', 'preprocess_data', 'scheduled__2023-09-24T00:00:00+00:00', '--job-id', '139', '--raw', '--subdir', 'DAGS_FOLDER/capstone_project.py', '--cfg-path', '/tmp/tmp3u6h3kbd']
[2023-10-03T10:03:35.243+0000] {standard_task_runner.py:85} INFO - Job 139: Subtask preprocess_data
[2023-10-03T10:03:36.083+0000] {task_command.py:410} INFO - Running <TaskInstance: capstone_project.preprocess_data scheduled__2023-09-24T00:00:00+00:00 [running]> on host 9a30478b5169
[2023-10-03T10:03:39.387+0000] {taskinstance.py:1570} INFO - Exporting env vars: AIRFLOW_CTX_DAG_OWNER='***' AIRFLOW_CTX_DAG_ID='capstone_project' AIRFLOW_CTX_TASK_ID='preprocess_data' AIRFLOW_CTX_EXECUTION_DATE='2023-09-24T00:00:00+00:00' AIRFLOW_CTX_TRY_NUMBER='1' AIRFLOW_CTX_DAG_RUN_ID='scheduled__2023-09-24T00:00:00+00:00'
[2023-10-03T10:03:39.411+0000] {taskinstance.py:1847} ERROR - Task failed with exception
Traceback (most recent call last):
  File "/home/airflow/.local/lib/python3.7/site-packages/airflow/operators/python.py", line 181, in execute
    return_value = self.execute_callable()
  File "/home/airflow/.local/lib/python3.7/site-packages/airflow/operators/python.py", line 198, in execute_callable
    return self.python_callable(*self.op_args, **self.op_kwargs)
  File "/opt/airflow/dags/capstone_project.py", line 63, in _preprocess_data
    response_dict = json.loads(response)
  File "/usr/local/lib/python3.7/json/__init__.py", line 341, in loads
    raise TypeError(f'the JSON object must be str, bytes or bytearray, '
TypeError: the JSON object must be str, bytes or bytearray, not NoneType
[2023-10-03T10:03:39.432+0000] {taskinstance.py:1373} INFO - Marking task as FAILED. dag_id=capstone_project, task_id=preprocess_data, execution_date=20230924T000000, start_date=20231003T100334, end_date=20231003T100339
[2023-10-03T10:03:39.465+0000] {standard_task_runner.py:109} ERROR - Failed to execute job 139 for task preprocess_data (the JSON object must be str, bytes or bytearray, not NoneType; 1656)
[2023-10-03T10:03:39.531+0000] {local_task_job_runner.py:232} INFO - Task exited with return code 1
[2023-10-03T10:03:39.557+0000] {taskinstance.py:2674} INFO - 0 downstream tasks scheduled from follow-on schedule check
[2023-10-03T12:33:28.663+0000] {taskinstance.py:1125} INFO - Dependencies all met for dep_context=non-requeueable deps ti=<TaskInstance: capstone_project.preprocess_data scheduled__2023-09-24T00:00:00+00:00 [queued]>
[2023-10-03T12:33:29.114+0000] {taskinstance.py:1125} INFO - Dependencies all met for dep_context=requeueable deps ti=<TaskInstance: capstone_project.preprocess_data scheduled__2023-09-24T00:00:00+00:00 [queued]>
[2023-10-03T12:33:29.119+0000] {taskinstance.py:1331} INFO - Starting attempt 1 of 1
[2023-10-03T12:33:29.591+0000] {taskinstance.py:1350} INFO - Executing <Task(PythonOperator): preprocess_data> on 2023-09-24 00:00:00+00:00
[2023-10-03T12:33:29.766+0000] {standard_task_runner.py:57} INFO - Started process 109 to run task
[2023-10-03T12:33:29.896+0000] {standard_task_runner.py:84} INFO - Running: ['***', 'tasks', 'run', 'capstone_project', 'preprocess_data', 'scheduled__2023-09-24T00:00:00+00:00', '--job-id', '225', '--raw', '--subdir', 'DAGS_FOLDER/capstone_project.py', '--cfg-path', '/tmp/tmpd9tbwd7s']
[2023-10-03T12:33:29.936+0000] {standard_task_runner.py:85} INFO - Job 225: Subtask preprocess_data
[2023-10-03T12:33:30.886+0000] {task_command.py:410} INFO - Running <TaskInstance: capstone_project.preprocess_data scheduled__2023-09-24T00:00:00+00:00 [running]> on host 9a30478b5169
[2023-10-03T12:33:33.124+0000] {taskinstance.py:1570} INFO - Exporting env vars: AIRFLOW_CTX_DAG_OWNER='***' AIRFLOW_CTX_DAG_ID='capstone_project' AIRFLOW_CTX_TASK_ID='preprocess_data' AIRFLOW_CTX_EXECUTION_DATE='2023-09-24T00:00:00+00:00' AIRFLOW_CTX_TRY_NUMBER='1' AIRFLOW_CTX_DAG_RUN_ID='scheduled__2023-09-24T00:00:00+00:00'
[2023-10-03T12:33:33.300+0000] {taskinstance.py:1847} ERROR - Task failed with exception
Traceback (most recent call last):
  File "/home/airflow/.local/lib/python3.7/site-packages/airflow/operators/python.py", line 181, in execute
    return_value = self.execute_callable()
  File "/home/airflow/.local/lib/python3.7/site-packages/airflow/operators/python.py", line 198, in execute_callable
    return self.python_callable(*self.op_args, **self.op_kwargs)
  File "/opt/airflow/dags/capstone_project.py", line 75, in _preprocess_data
    response_dict = json.loads(response)
  File "/usr/local/lib/python3.7/json/__init__.py", line 341, in loads
    raise TypeError(f'the JSON object must be str, bytes or bytearray, '
TypeError: the JSON object must be str, bytes or bytearray, not NoneType
[2023-10-03T12:33:33.383+0000] {taskinstance.py:1373} INFO - Marking task as FAILED. dag_id=capstone_project, task_id=preprocess_data, execution_date=20230924T000000, start_date=20231003T123328, end_date=20231003T123333
[2023-10-03T12:33:33.700+0000] {standard_task_runner.py:109} ERROR - Failed to execute job 225 for task preprocess_data (the JSON object must be str, bytes or bytearray, not NoneType; 109)
[2023-10-03T12:33:33.842+0000] {local_task_job_runner.py:232} INFO - Task exited with return code 1
[2023-10-03T12:33:34.151+0000] {taskinstance.py:2674} INFO - 0 downstream tasks scheduled from follow-on schedule check
