[2023-10-03T09:40:17.644+0000] {taskinstance.py:1125} INFO - Dependencies all met for dep_context=non-requeueable deps ti=<TaskInstance: capstone_project.check_results scheduled__2023-09-27T00:00:00+00:00 [queued]>
[2023-10-03T09:40:17.758+0000] {taskinstance.py:1125} INFO - Dependencies all met for dep_context=requeueable deps ti=<TaskInstance: capstone_project.check_results scheduled__2023-09-27T00:00:00+00:00 [queued]>
[2023-10-03T09:40:17.759+0000] {taskinstance.py:1331} INFO - Starting attempt 1 of 1
[2023-10-03T09:40:17.926+0000] {taskinstance.py:1350} INFO - Executing <Task(PythonOperator): check_results> on 2023-09-27 00:00:00+00:00
[2023-10-03T09:40:17.971+0000] {standard_task_runner.py:57} INFO - Started process 1207 to run task
[2023-10-03T09:40:18.032+0000] {standard_task_runner.py:84} INFO - Running: ['***', 'tasks', 'run', 'capstone_project', 'check_results', 'scheduled__2023-09-27T00:00:00+00:00', '--job-id', '126', '--raw', '--subdir', 'DAGS_FOLDER/capstone_project.py', '--cfg-path', '/tmp/tmp33mob6d2']
[2023-10-03T09:40:18.033+0000] {standard_task_runner.py:85} INFO - Job 126: Subtask check_results
[2023-10-03T09:40:18.346+0000] {task_command.py:410} INFO - Running <TaskInstance: capstone_project.check_results scheduled__2023-09-27T00:00:00+00:00 [running]> on host 9a30478b5169
[2023-10-03T09:40:18.971+0000] {taskinstance.py:1570} INFO - Exporting env vars: AIRFLOW_CTX_DAG_OWNER='***' AIRFLOW_CTX_DAG_ID='capstone_project' AIRFLOW_CTX_TASK_ID='check_results' AIRFLOW_CTX_EXECUTION_DATE='2023-09-27T00:00:00+00:00' AIRFLOW_CTX_TRY_NUMBER='1' AIRFLOW_CTX_DAG_RUN_ID='scheduled__2023-09-27T00:00:00+00:00'
[2023-10-03T09:40:19.016+0000] {taskinstance.py:1847} ERROR - Task failed with exception
Traceback (most recent call last):
  File "/home/airflow/.local/lib/python3.7/site-packages/airflow/operators/python.py", line 181, in execute
    return_value = self.execute_callable()
  File "/home/airflow/.local/lib/python3.7/site-packages/airflow/operators/python.py", line 198, in execute_callable
    return self.python_callable(*self.op_args, **self.op_kwargs)
  File "/opt/airflow/dags/capstone_project.py", line 39, in _check_if_data_in_request
    response_dict = json.loads(response)
  File "/usr/local/lib/python3.7/json/__init__.py", line 341, in loads
    raise TypeError(f'the JSON object must be str, bytes or bytearray, '
TypeError: the JSON object must be str, bytes or bytearray, not NoneType
[2023-10-03T09:40:19.039+0000] {taskinstance.py:1373} INFO - Marking task as FAILED. dag_id=capstone_project, task_id=check_results, execution_date=20230927T000000, start_date=20231003T094017, end_date=20231003T094019
[2023-10-03T09:40:19.214+0000] {standard_task_runner.py:109} ERROR - Failed to execute job 126 for task check_results (the JSON object must be str, bytes or bytearray, not NoneType; 1207)
[2023-10-03T09:40:19.352+0000] {local_task_job_runner.py:232} INFO - Task exited with return code 1
[2023-10-03T09:40:19.410+0000] {taskinstance.py:2674} INFO - 0 downstream tasks scheduled from follow-on schedule check
[2023-10-03T12:37:58.459+0000] {taskinstance.py:1125} INFO - Dependencies all met for dep_context=non-requeueable deps ti=<TaskInstance: capstone_project.check_results scheduled__2023-09-27T00:00:00+00:00 [queued]>
[2023-10-03T12:37:58.666+0000] {taskinstance.py:1125} INFO - Dependencies all met for dep_context=requeueable deps ti=<TaskInstance: capstone_project.check_results scheduled__2023-09-27T00:00:00+00:00 [queued]>
[2023-10-03T12:37:58.667+0000] {taskinstance.py:1331} INFO - Starting attempt 1 of 1
[2023-10-03T12:37:58.779+0000] {taskinstance.py:1350} INFO - Executing <Task(PythonOperator): check_results> on 2023-09-27 00:00:00+00:00
[2023-10-03T12:37:58.844+0000] {standard_task_runner.py:84} INFO - Running: ['***', 'tasks', 'run', 'capstone_project', 'check_results', 'scheduled__2023-09-27T00:00:00+00:00', '--job-id', '253', '--raw', '--subdir', 'DAGS_FOLDER/capstone_project.py', '--cfg-path', '/tmp/tmpjp3e43mv']
[2023-10-03T12:37:58.856+0000] {standard_task_runner.py:85} INFO - Job 253: Subtask check_results
[2023-10-03T12:37:58.841+0000] {standard_task_runner.py:57} INFO - Started process 117 to run task
[2023-10-03T12:37:59.156+0000] {task_command.py:410} INFO - Running <TaskInstance: capstone_project.check_results scheduled__2023-09-27T00:00:00+00:00 [running]> on host 9a30478b5169
[2023-10-03T12:37:59.488+0000] {taskinstance.py:1570} INFO - Exporting env vars: AIRFLOW_CTX_DAG_OWNER='***' AIRFLOW_CTX_DAG_ID='capstone_project' AIRFLOW_CTX_TASK_ID='check_results' AIRFLOW_CTX_EXECUTION_DATE='2023-09-27T00:00:00+00:00' AIRFLOW_CTX_TRY_NUMBER='1' AIRFLOW_CTX_DAG_RUN_ID='scheduled__2023-09-27T00:00:00+00:00'
[2023-10-03T12:37:59.526+0000] {logging_mixin.py:149} INFO - {"count":1,"next":null,"previous":null,"results":[{"id":"44709d2b-78a2-4a58-a7ad-a964545e63f0","url":"https://lldev.thespacedevs.com/2.2.0/launch/44709d2b-78a2-4a58-a7ad-a964545e63f0/","slug":"qased-noor-3","name":"Qased | Noor-3","status":{"id":3,"name":"Launch Successful","abbrev":"Success","description":"The launch vehicle successfully inserted its payload(s) into the target orbit(s)."},"last_updated":"2023-09-29T18:46:00Z","net":"2023-09-27T06:00:00Z","window_end":"2023-09-27T06:00:00Z","window_start":"2023-09-27T06:00:00Z","net_precision":{"id":2,"name":"Hour","abbrev":"HR","description":"The T-0 is accurate to the hour."},"probability":null,"weather_concerns":null,"holdreason":"","failreason":"","hashtag":null,"launch_service_provider":{"id":1032,"url":"https://lldev.thespacedevs.com/2.2.0/agencies/1032/","name":"Islamic Revolutionary Guard Corps Aerospace Force","type":"Government"},"rocket":{"id":8038,"configuration":{"id":217,"url":"https://lldev.thespacedevs.com/2.2.0/config/launcher/217/","name":"Qased","family":"","full_name":"Qased","variant":""}},"mission":{"id":6584,"name":"Noor-3","description":"Third flight of the Iranian Qased small launch vehicle. Delivered two objects in a 450 km Earth Orbit, one of which is the Noor-3 military satellite.","launch_designator":null,"type":"Government/Top Secret","orbit":{"id":8,"name":"Low Earth Orbit","abbrev":"LEO"},"agencies":[],"info_urls":[],"vid_urls":[]},"pad":{"id":115,"url":"https://lldev.thespacedevs.com/2.2.0/pad/115/","agency_id":null,"name":"Launch Platform","description":null,"info_url":null,"wiki_url":null,"map_url":"https://www.google.com/maps?q=36.200595,55.333939","latitude":"36.200595","longitude":"55.333939","location":{"id":145,"url":"https://lldev.thespacedevs.com/2.2.0/location/145/","name":"Shahrud Missile Test Site, Islamic Republic of Iran","country_code":"IRN","description":null,"map_image":"https://spacelaunchnow-prod-east.nyc3.digitaloceanspaces.com/media/launch_images/location_145_20200803142443.jpg","timezone_name":"Asia/Tehran","total_launch_count":3,"total_landing_count":0},"country_code":"IRN","map_image":"https://spacelaunchnow-prod-east.nyc3.digitaloceanspaces.com/media/launch_images/pad_115_20200803143303.jpg","total_launch_count":3,"orbital_launch_attempt_count":3},"webcast_live":false,"image":"https://spacelaunchnow-prod-east.nyc3.digitaloceanspaces.com/media/launcher_images/qased_image_20220308095543.jpg","infographic":null,"program":[],"orbital_launch_attempt_count":6515,"location_launch_attempt_count":3,"pad_launch_attempt_count":3,"agency_launch_attempt_count":3,"orbital_launch_attempt_count_year":158,"location_launch_attempt_count_year":1,"pad_launch_attempt_count_year":1,"agency_launch_attempt_count_year":1}]} <class 'str'>
[2023-10-03T12:37:59.527+0000] {python.py:183} INFO - Done. Returned value was: None
[2023-10-03T12:37:59.548+0000] {taskinstance.py:1373} INFO - Marking task as SUCCESS. dag_id=capstone_project, task_id=check_results, execution_date=20230927T000000, start_date=20231003T123758, end_date=20231003T123759
[2023-10-03T12:37:59.583+0000] {local_task_job_runner.py:232} INFO - Task exited with return code 0
[2023-10-03T12:37:59.611+0000] {taskinstance.py:2674} INFO - 1 downstream tasks scheduled from follow-on schedule check
