[2023-10-03T10:03:34.857+0000] {taskinstance.py:1125} INFO - Dependencies all met for dep_context=non-requeueable deps ti=<TaskInstance: capstone_project.preprocess_data scheduled__2023-09-28T00:00:00+00:00 [queued]>
[2023-10-03T10:03:35.020+0000] {taskinstance.py:1125} INFO - Dependencies all met for dep_context=requeueable deps ti=<TaskInstance: capstone_project.preprocess_data scheduled__2023-09-28T00:00:00+00:00 [queued]>
[2023-10-03T10:03:35.025+0000] {taskinstance.py:1331} INFO - Starting attempt 1 of 1
[2023-10-03T10:03:35.264+0000] {taskinstance.py:1350} INFO - Executing <Task(PythonOperator): preprocess_data> on 2023-09-28 00:00:00+00:00
[2023-10-03T10:03:35.363+0000] {standard_task_runner.py:57} INFO - Started process 1660 to run task
[2023-10-03T10:03:35.422+0000] {standard_task_runner.py:84} INFO - Running: ['***', 'tasks', 'run', 'capstone_project', 'preprocess_data', 'scheduled__2023-09-28T00:00:00+00:00', '--job-id', '143', '--raw', '--subdir', 'DAGS_FOLDER/capstone_project.py', '--cfg-path', '/tmp/tmp44q4ande']
[2023-10-03T10:03:35.440+0000] {standard_task_runner.py:85} INFO - Job 143: Subtask preprocess_data
[2023-10-03T10:03:36.369+0000] {task_command.py:410} INFO - Running <TaskInstance: capstone_project.preprocess_data scheduled__2023-09-28T00:00:00+00:00 [running]> on host 9a30478b5169
[2023-10-03T10:03:37.752+0000] {taskinstance.py:1570} INFO - Exporting env vars: AIRFLOW_CTX_DAG_OWNER='***' AIRFLOW_CTX_DAG_ID='capstone_project' AIRFLOW_CTX_TASK_ID='preprocess_data' AIRFLOW_CTX_EXECUTION_DATE='2023-09-28T00:00:00+00:00' AIRFLOW_CTX_TRY_NUMBER='1' AIRFLOW_CTX_DAG_RUN_ID='scheduled__2023-09-28T00:00:00+00:00'
[2023-10-03T10:03:37.835+0000] {taskinstance.py:1847} ERROR - Task failed with exception
Traceback (most recent call last):
  File "/home/airflow/.local/lib/python3.7/site-packages/airflow/operators/python.py", line 181, in execute
    return_value = self.execute_callable()
  File "/home/airflow/.local/lib/python3.7/site-packages/airflow/operators/python.py", line 198, in execute_callable
    return self.python_callable(*self.op_args, **self.op_kwargs)
  File "/opt/airflow/dags/capstone_project.py", line 63, in _preprocess_data
    response_dict = json.loads(response)
  File "/usr/local/lib/python3.7/json/__init__.py", line 341, in loads
    raise TypeError(f'the JSON object must be str, bytes or bytearray, '
TypeError: the JSON object must be str, bytes or bytearray, not NoneType
[2023-10-03T10:03:37.876+0000] {taskinstance.py:1373} INFO - Marking task as FAILED. dag_id=capstone_project, task_id=preprocess_data, execution_date=20230928T000000, start_date=20231003T100334, end_date=20231003T100337
[2023-10-03T10:03:38.055+0000] {standard_task_runner.py:109} ERROR - Failed to execute job 143 for task preprocess_data (the JSON object must be str, bytes or bytearray, not NoneType; 1660)
[2023-10-03T10:03:38.222+0000] {local_task_job_runner.py:232} INFO - Task exited with return code 1
[2023-10-03T10:03:38.413+0000] {taskinstance.py:2674} INFO - 0 downstream tasks scheduled from follow-on schedule check
[2023-10-03T12:33:28.444+0000] {taskinstance.py:1125} INFO - Dependencies all met for dep_context=non-requeueable deps ti=<TaskInstance: capstone_project.preprocess_data scheduled__2023-09-28T00:00:00+00:00 [queued]>
[2023-10-03T12:33:29.028+0000] {taskinstance.py:1125} INFO - Dependencies all met for dep_context=requeueable deps ti=<TaskInstance: capstone_project.preprocess_data scheduled__2023-09-28T00:00:00+00:00 [queued]>
[2023-10-03T12:33:29.032+0000] {taskinstance.py:1331} INFO - Starting attempt 1 of 1
[2023-10-03T12:33:29.646+0000] {taskinstance.py:1350} INFO - Executing <Task(PythonOperator): preprocess_data> on 2023-09-28 00:00:00+00:00
[2023-10-03T12:33:29.869+0000] {standard_task_runner.py:57} INFO - Started process 111 to run task
[2023-10-03T12:33:29.880+0000] {standard_task_runner.py:84} INFO - Running: ['***', 'tasks', 'run', 'capstone_project', 'preprocess_data', 'scheduled__2023-09-28T00:00:00+00:00', '--job-id', '221', '--raw', '--subdir', 'DAGS_FOLDER/capstone_project.py', '--cfg-path', '/tmp/tmp1ofdfgz0']
[2023-10-03T12:33:30.054+0000] {standard_task_runner.py:85} INFO - Job 221: Subtask preprocess_data
[2023-10-03T12:33:31.228+0000] {task_command.py:410} INFO - Running <TaskInstance: capstone_project.preprocess_data scheduled__2023-09-28T00:00:00+00:00 [running]> on host 9a30478b5169
[2023-10-03T12:33:33.170+0000] {taskinstance.py:1570} INFO - Exporting env vars: AIRFLOW_CTX_DAG_OWNER='***' AIRFLOW_CTX_DAG_ID='capstone_project' AIRFLOW_CTX_TASK_ID='preprocess_data' AIRFLOW_CTX_EXECUTION_DATE='2023-09-28T00:00:00+00:00' AIRFLOW_CTX_TRY_NUMBER='1' AIRFLOW_CTX_DAG_RUN_ID='scheduled__2023-09-28T00:00:00+00:00'
[2023-10-03T12:33:33.405+0000] {taskinstance.py:1847} ERROR - Task failed with exception
Traceback (most recent call last):
  File "/home/airflow/.local/lib/python3.7/site-packages/airflow/operators/python.py", line 181, in execute
    return_value = self.execute_callable()
  File "/home/airflow/.local/lib/python3.7/site-packages/airflow/operators/python.py", line 198, in execute_callable
    return self.python_callable(*self.op_args, **self.op_kwargs)
  File "/opt/airflow/dags/capstone_project.py", line 75, in _preprocess_data
    response_dict = json.loads(response)
  File "/usr/local/lib/python3.7/json/__init__.py", line 341, in loads
    raise TypeError(f'the JSON object must be str, bytes or bytearray, '
TypeError: the JSON object must be str, bytes or bytearray, not NoneType
[2023-10-03T12:33:33.517+0000] {taskinstance.py:1373} INFO - Marking task as FAILED. dag_id=capstone_project, task_id=preprocess_data, execution_date=20230928T000000, start_date=20231003T123328, end_date=20231003T123333
[2023-10-03T12:33:33.722+0000] {standard_task_runner.py:109} ERROR - Failed to execute job 221 for task preprocess_data (the JSON object must be str, bytes or bytearray, not NoneType; 111)
[2023-10-03T12:33:33.841+0000] {local_task_job_runner.py:232} INFO - Task exited with return code 1
[2023-10-03T12:33:34.155+0000] {taskinstance.py:2674} INFO - 0 downstream tasks scheduled from follow-on schedule check
