[2023-10-03T09:40:17.701+0000] {taskinstance.py:1125} INFO - Dependencies all met for dep_context=non-requeueable deps ti=<TaskInstance: capstone_project.check_results scheduled__2023-09-28T00:00:00+00:00 [queued]>
[2023-10-03T09:40:17.810+0000] {taskinstance.py:1125} INFO - Dependencies all met for dep_context=requeueable deps ti=<TaskInstance: capstone_project.check_results scheduled__2023-09-28T00:00:00+00:00 [queued]>
[2023-10-03T09:40:17.814+0000] {taskinstance.py:1331} INFO - Starting attempt 1 of 1
[2023-10-03T09:40:17.975+0000] {taskinstance.py:1350} INFO - Executing <Task(PythonOperator): check_results> on 2023-09-28 00:00:00+00:00
[2023-10-03T09:40:18.005+0000] {standard_task_runner.py:57} INFO - Started process 1208 to run task
[2023-10-03T09:40:18.035+0000] {standard_task_runner.py:84} INFO - Running: ['***', 'tasks', 'run', 'capstone_project', 'check_results', 'scheduled__2023-09-28T00:00:00+00:00', '--job-id', '128', '--raw', '--subdir', 'DAGS_FOLDER/capstone_project.py', '--cfg-path', '/tmp/tmpg1s9at4y']
[2023-10-03T09:40:18.039+0000] {standard_task_runner.py:85} INFO - Job 128: Subtask check_results
[2023-10-03T09:40:18.291+0000] {task_command.py:410} INFO - Running <TaskInstance: capstone_project.check_results scheduled__2023-09-28T00:00:00+00:00 [running]> on host 9a30478b5169
[2023-10-03T09:40:18.739+0000] {taskinstance.py:1570} INFO - Exporting env vars: AIRFLOW_CTX_DAG_OWNER='***' AIRFLOW_CTX_DAG_ID='capstone_project' AIRFLOW_CTX_TASK_ID='check_results' AIRFLOW_CTX_EXECUTION_DATE='2023-09-28T00:00:00+00:00' AIRFLOW_CTX_TRY_NUMBER='1' AIRFLOW_CTX_DAG_RUN_ID='scheduled__2023-09-28T00:00:00+00:00'
[2023-10-03T09:40:18.768+0000] {taskinstance.py:1847} ERROR - Task failed with exception
Traceback (most recent call last):
  File "/home/airflow/.local/lib/python3.7/site-packages/airflow/operators/python.py", line 181, in execute
    return_value = self.execute_callable()
  File "/home/airflow/.local/lib/python3.7/site-packages/airflow/operators/python.py", line 198, in execute_callable
    return self.python_callable(*self.op_args, **self.op_kwargs)
  File "/opt/airflow/dags/capstone_project.py", line 39, in _check_if_data_in_request
    response_dict = json.loads(response)
  File "/usr/local/lib/python3.7/json/__init__.py", line 341, in loads
    raise TypeError(f'the JSON object must be str, bytes or bytearray, '
TypeError: the JSON object must be str, bytes or bytearray, not NoneType
[2023-10-03T09:40:18.798+0000] {taskinstance.py:1373} INFO - Marking task as FAILED. dag_id=capstone_project, task_id=check_results, execution_date=20230928T000000, start_date=20231003T094017, end_date=20231003T094018
[2023-10-03T09:40:18.870+0000] {standard_task_runner.py:109} ERROR - Failed to execute job 128 for task check_results (the JSON object must be str, bytes or bytearray, not NoneType; 1208)
[2023-10-03T09:40:18.902+0000] {local_task_job_runner.py:232} INFO - Task exited with return code 1
[2023-10-03T09:40:19.015+0000] {taskinstance.py:2674} INFO - 0 downstream tasks scheduled from follow-on schedule check
[2023-10-03T12:37:57.257+0000] {taskinstance.py:1125} INFO - Dependencies all met for dep_context=non-requeueable deps ti=<TaskInstance: capstone_project.check_results scheduled__2023-09-28T00:00:00+00:00 [queued]>
[2023-10-03T12:37:57.398+0000] {taskinstance.py:1125} INFO - Dependencies all met for dep_context=requeueable deps ti=<TaskInstance: capstone_project.check_results scheduled__2023-09-28T00:00:00+00:00 [queued]>
[2023-10-03T12:37:57.400+0000] {taskinstance.py:1331} INFO - Starting attempt 1 of 1
[2023-10-03T12:37:57.500+0000] {taskinstance.py:1350} INFO - Executing <Task(PythonOperator): check_results> on 2023-09-28 00:00:00+00:00
[2023-10-03T12:37:57.522+0000] {standard_task_runner.py:57} INFO - Started process 109 to run task
[2023-10-03T12:37:57.547+0000] {standard_task_runner.py:84} INFO - Running: ['***', 'tasks', 'run', 'capstone_project', 'check_results', 'scheduled__2023-09-28T00:00:00+00:00', '--job-id', '247', '--raw', '--subdir', 'DAGS_FOLDER/capstone_project.py', '--cfg-path', '/tmp/tmpr2422tu6']
[2023-10-03T12:37:57.554+0000] {standard_task_runner.py:85} INFO - Job 247: Subtask check_results
[2023-10-03T12:37:57.895+0000] {task_command.py:410} INFO - Running <TaskInstance: capstone_project.check_results scheduled__2023-09-28T00:00:00+00:00 [running]> on host 9a30478b5169
[2023-10-03T12:37:58.390+0000] {taskinstance.py:1570} INFO - Exporting env vars: AIRFLOW_CTX_DAG_OWNER='***' AIRFLOW_CTX_DAG_ID='capstone_project' AIRFLOW_CTX_TASK_ID='check_results' AIRFLOW_CTX_EXECUTION_DATE='2023-09-28T00:00:00+00:00' AIRFLOW_CTX_TRY_NUMBER='1' AIRFLOW_CTX_DAG_RUN_ID='scheduled__2023-09-28T00:00:00+00:00'
[2023-10-03T12:37:58.451+0000] {logging_mixin.py:149} INFO - {"count":0,"next":null,"previous":null,"results":[]} <class 'str'>
[2023-10-03T12:37:58.455+0000] {taskinstance.py:1454} INFO - No launches for today 2023-09-28.
[2023-10-03T12:37:58.491+0000] {taskinstance.py:1373} INFO - Marking task as SKIPPED. dag_id=capstone_project, task_id=check_results, execution_date=20230928T000000, start_date=20231003T123757, end_date=20231003T123758
[2023-10-03T12:37:58.636+0000] {local_task_job_runner.py:232} INFO - Task exited with return code 0
[2023-10-03T12:37:58.741+0000] {taskinstance.py:2674} INFO - 0 downstream tasks scheduled from follow-on schedule check
[2023-10-03T12:57:41.466+0000] {taskinstance.py:1125} INFO - Dependencies all met for dep_context=non-requeueable deps ti=<TaskInstance: capstone_project.check_results scheduled__2023-09-28T00:00:00+00:00 [queued]>
[2023-10-03T12:57:41.519+0000] {taskinstance.py:1125} INFO - Dependencies all met for dep_context=requeueable deps ti=<TaskInstance: capstone_project.check_results scheduled__2023-09-28T00:00:00+00:00 [queued]>
[2023-10-03T12:57:41.524+0000] {taskinstance.py:1331} INFO - Starting attempt 1 of 1
[2023-10-03T12:57:41.619+0000] {taskinstance.py:1350} INFO - Executing <Task(PythonOperator): check_results> on 2023-09-28 00:00:00+00:00
[2023-10-03T12:57:41.666+0000] {standard_task_runner.py:57} INFO - Started process 188 to run task
[2023-10-03T12:57:41.720+0000] {standard_task_runner.py:84} INFO - Running: ['***', 'tasks', 'run', 'capstone_project', 'check_results', 'scheduled__2023-09-28T00:00:00+00:00', '--job-id', '313', '--raw', '--subdir', 'DAGS_FOLDER/capstone_project.py', '--cfg-path', '/tmp/tmpj4y2j3ig']
[2023-10-03T12:57:41.754+0000] {standard_task_runner.py:85} INFO - Job 313: Subtask check_results
[2023-10-03T12:57:42.068+0000] {task_command.py:410} INFO - Running <TaskInstance: capstone_project.check_results scheduled__2023-09-28T00:00:00+00:00 [running]> on host 9a30478b5169
[2023-10-03T12:57:42.658+0000] {taskinstance.py:1570} INFO - Exporting env vars: AIRFLOW_CTX_DAG_OWNER='***' AIRFLOW_CTX_DAG_ID='capstone_project' AIRFLOW_CTX_TASK_ID='check_results' AIRFLOW_CTX_EXECUTION_DATE='2023-09-28T00:00:00+00:00' AIRFLOW_CTX_TRY_NUMBER='1' AIRFLOW_CTX_DAG_RUN_ID='scheduled__2023-09-28T00:00:00+00:00'
[2023-10-03T12:57:42.756+0000] {logging_mixin.py:149} INFO - {"count":0,"next":null,"previous":null,"results":[]} <class 'str'>
[2023-10-03T12:57:42.756+0000] {taskinstance.py:1454} INFO - No launches for today 2023-09-28.
[2023-10-03T12:57:42.842+0000] {taskinstance.py:1373} INFO - Marking task as SKIPPED. dag_id=capstone_project, task_id=check_results, execution_date=20230928T000000, start_date=20231003T125741, end_date=20231003T125742
[2023-10-03T12:57:42.978+0000] {local_task_job_runner.py:232} INFO - Task exited with return code 0
[2023-10-03T12:57:43.108+0000] {taskinstance.py:2674} INFO - 0 downstream tasks scheduled from follow-on schedule check
